{"C:\\Users\\eshaa\\Desktop\\Integration testing III\\hex-to-rgb-api\\src\\app.js": {"path":"C:\\Users\\eshaa\\Desktop\\Integration testing III\\hex-to-rgb-api\\src\\app.js","statementMap":{"0":{"start":{"line":1,"column":16},"end":{"line":1,"column":34}},"1":{"start":{"line":2,"column":17},"end":{"line":2,"column":44}},"2":{"start":{"line":4,"column":12},"end":{"line":4,"column":21}},"3":{"start":{"line":6,"column":0},"end":{"line":14,"column":3}},"4":{"start":{"line":7,"column":18},"end":{"line":7,"column":27}},"5":{"start":{"line":8,"column":2},"end":{"line":13,"column":3}},"6":{"start":{"line":9,"column":19},"end":{"line":9,"column":38}},"7":{"start":{"line":10,"column":4},"end":{"line":10,"column":21}},"8":{"start":{"line":12,"column":4},"end":{"line":12,"column":49}},"9":{"start":{"line":16,"column":0},"end":{"line":16,"column":21}}},"fnMap":{"0":{"name":"(anonymous_0)","decl":{"start":{"line":6,"column":27},"end":{"line":6,"column":28}},"loc":{"start":{"line":6,"column":41},"end":{"line":14,"column":1}},"line":6}},"branchMap":{"0":{"loc":{"start":{"line":9,"column":28},"end":{"line":9,"column":37}},"type":"binary-expr","locations":[{"start":{"line":9,"column":28},"end":{"line":9,"column":31}},{"start":{"line":9,"column":35},"end":{"line":9,"column":37}}],"line":9}},"s":{"0":1,"1":1,"2":1,"3":1,"4":4,"5":4,"6":4,"7":2,"8":2,"9":1},"f":{"0":4},"b":{"0":[4,1]},"_coverageSchema":"1a1c01bbd47fc00a2c39e90264f33305004495a9","hash":"0c7fa0ce181ffb043ad6b6311532d232e4941419"}
,"C:\\Users\\eshaa\\Desktop\\Integration testing III\\hex-to-rgb-api\\src\\utils\\hexToRgb.js": {"path":"C:\\Users\\eshaa\\Desktop\\Integration testing III\\hex-to-rgb-api\\src\\utils\\hexToRgb.js","statementMap":{"0":{"start":{"line":2,"column":2},"end":{"line":4,"column":3}},"1":{"start":{"line":3,"column":4},"end":{"line":3,"column":45}},"2":{"start":{"line":6,"column":18},"end":{"line":6,"column":54}},"3":{"start":{"line":8,"column":2},"end":{"line":10,"column":3}},"4":{"start":{"line":9,"column":4},"end":{"line":9,"column":66}},"5":{"start":{"line":11,"column":2},"end":{"line":13,"column":3}},"6":{"start":{"line":12,"column":4},"end":{"line":12,"column":56}},"7":{"start":{"line":15,"column":15},"end":{"line":17,"column":13}},"8":{"start":{"line":16,"column":34},"end":{"line":16,"column":41}},"9":{"start":{"line":19,"column":14},"end":{"line":19,"column":32}},"10":{"start":{"line":20,"column":12},"end":{"line":20,"column":29}},"11":{"start":{"line":21,"column":12},"end":{"line":21,"column":28}},"12":{"start":{"line":22,"column":12},"end":{"line":22,"column":21}},"13":{"start":{"line":24,"column":2},"end":{"line":27,"column":4}},"14":{"start":{"line":30,"column":0},"end":{"line":30,"column":26}}},"fnMap":{"0":{"name":"hexToRgb","decl":{"start":{"line":1,"column":9},"end":{"line":1,"column":17}},"loc":{"start":{"line":1,"column":23},"end":{"line":28,"column":1}},"line":1},"1":{"name":"(anonymous_1)","decl":{"start":{"line":16,"column":28},"end":{"line":16,"column":29}},"loc":{"start":{"line":16,"column":34},"end":{"line":16,"column":41}},"line":16}},"branchMap":{"0":{"loc":{"start":{"line":2,"column":2},"end":{"line":4,"column":3}},"type":"if","locations":[{"start":{"line":2,"column":2},"end":{"line":4,"column":3}},{"start":{},"end":{}}],"line":2},"1":{"loc":{"start":{"line":8,"column":2},"end":{"line":10,"column":3}},"type":"if","locations":[{"start":{"line":8,"column":2},"end":{"line":10,"column":3}},{"start":{},"end":{}}],"line":8},"2":{"loc":{"start":{"line":11,"column":2},"end":{"line":13,"column":3}},"type":"if","locations":[{"start":{"line":11,"column":2},"end":{"line":13,"column":3}},{"start":{},"end":{}}],"line":11},"3":{"loc":{"start":{"line":15,"column":15},"end":{"line":17,"column":13}},"type":"cond-expr","locations":[{"start":{"line":16,"column":6},"end":{"line":16,"column":51}},{"start":{"line":17,"column":6},"end":{"line":17,"column":13}}],"line":15}},"s":{"0":4,"1":1,"2":3,"3":3,"4":0,"5":3,"6":1,"7":2,"8":3,"9":2,"10":2,"11":2,"12":2,"13":2,"14":1},"f":{"0":4,"1":3},"b":{"0":[1,3],"1":[0,3],"2":[1,2],"3":[1,1]},"_coverageSchema":"1a1c01bbd47fc00a2c39e90264f33305004495a9","hash":"8797e9ff9607e71c99a07abdda51e77dd5d23a02"}
}
