TN:
SF:src\app.js
FN:6,(anonymous_0)
FNF:1
FNH:1
FNDA:4,(anonymous_0)
DA:1,1
DA:2,1
DA:4,1
DA:6,1
DA:7,4
DA:8,4
DA:9,4
DA:10,2
DA:12,2
DA:16,1
LF:10
LH:10
BRDA:9,0,0,4
BRDA:9,0,1,1
BRF:2
BRH:2
end_of_record
TN:
SF:src\utils\hexToRgb.js
FN:1,hexToRgb
FN:16,(anonymous_1)
FNF:2
FNH:2
FNDA:4,hexToRgb
FNDA:3,(anonymous_1)
DA:2,4
DA:3,1
DA:6,3
DA:8,3
DA:9,0
DA:11,3
DA:12,1
DA:15,2
DA:16,3
DA:19,2
DA:20,2
DA:21,2
DA:22,2
DA:24,2
DA:30,1
LF:15
LH:14
BRDA:2,0,0,1
BRDA:2,0,1,3
BRDA:8,1,0,0
BRDA:8,1,1,3
BRDA:11,2,0,1
BRDA:11,2,1,2
BRDA:15,3,0,1
BRDA:15,3,1,1
BRF:8
BRH:7
end_of_record
